#
# There is insufficient memory for the Java Runtime Environment to continue.
# Native memory allocation (malloc) failed to allocate 1048576 bytes for AllocateHeap
# Possible reasons:
#   The system is out of physical RAM or swap space
#   In 32 bit mode, the process size limit was hit
# Possible solutions:
#   Reduce memory load on the system
#   Increase physical memory or swap space
#   Check if swap backing store is full
#   Use 64 bit Java on a 64 bit OS
#   Decrease Java heap size (-Xmx/-Xms)
#   Decrease number of Java threads
#   Decrease Java thread stack sizes (-Xss)
#   Set larger code cache with -XX:ReservedCodeCacheSize=
# This output file may be truncated or incomplete.
#
#  Out of Memory Error (memory/allocation.inline.hpp:61), pid=3212, tid=3848
#
# JRE version:  (8.0_40-b26) (build )
# Java VM: Java HotSpot(TM) 64-Bit Server VM (25.40-b25 mixed mode windows-amd64 compressed oops)
# Failed to write core dump. Minidumps are not enabled by default on client versions of Windows
#

---------------  T H R E A D  ---------------

Current thread (0x00000000021fe000):  JavaThread "Unknown thread" [_thread_in_vm, id=3848, stack(0x0000000002390000,0x0000000002490000)]

Stack: [0x0000000002390000,0x0000000002490000]
Native frames: (J=compiled Java code, j=interpreted, Vv=VM code, C=native code)
V  [jvm.dll+0x32b47a]


---------------  P R O C E S S  ---------------

Java Threads: ( => current thread )

Other Threads:

=>0x00000000021fe000 (exited) JavaThread "Unknown thread" [_thread_in_vm, id=3848, stack(0x0000000002390000,0x0000000002490000)]

VM state:not at safepoint (normal execution)

VM Mutex/Monitor currently owned by a thread: None

Heap:
 PSYoungGen      total 28672K, used 491K [0x00000000eab00000, 0x00000000ecb00000, 0x0000000100000000)
  eden space 24576K, 2% used [0x00000000eab00000,0x00000000eab7ae20,0x00000000ec300000)
  from space 4096K, 0% used [0x00000000ec700000,0x00000000ec700000,0x00000000ecb00000)
  to   space 4096K, 0% used [0x00000000ec300000,0x00000000ec300000,0x00000000ec700000)
 ParOldGen       total 65536K, used 0K [0x00000000c0000000, 0x00000000c4000000, 0x00000000eab00000)
  object space 65536K, 0% used [0x00000000c0000000,0x00000000c0000000,0x00000000c4000000)
 Metaspace       used 766K, capacity 4480K, committed 4480K, reserved 1056768K
  class space    used 75K, capacity 384K, committed 384K, reserved 1048576K

Card table byte_map: [0x0000000011b20000,0x0000000011d30000] byte_map_base: 0x0000000011520000

Marking Bits: (ParMarkBitMap*) 0x0000000069d54040
 Begin Bits: [0x0000000012bb0000, 0x0000000013bb0000)
 End Bits:   [0x0000000013bb0000, 0x0000000014bb0000)

Polling page: 0x0000000000130000

CodeCache: size=245760Kb used=327Kb max_used=327Kb free=245432Kb
 bounds [0x0000000002760000, 0x00000000029d0000, 0x0000000011760000]
 total_blobs=56 nmethods=0 adapters=37
 compilation: enabled

Compilation events (0 events):
No events

GC Heap History (0 events):
No events

Deoptimization events (0 events):
No events

Internal exceptions (0 events):
No events

Events (10 events):
Event: 0.162 loading class java/lang/Short
Event: 0.162 loading class java/lang/Short done
Event: 0.162 loading class java/lang/Integer
Event: 0.162 loading class java/lang/Integer done
Event: 0.162 loading class java/lang/Long
Event: 0.163 loading class java/lang/Long done
Event: 0.163 loading class java/lang/NullPointerException
Event: 0.163 loading class java/lang/NullPointerException done
Event: 0.163 loading class java/lang/ArithmeticException
Event: 0.163 loading class java/lang/ArithmeticException done


Dynamic libraries:
0x000000013fd40000 - 0x000000013fd77000 	C:\Program Files\Java\jdk1.8.0_40\bin\java.exe
0x0000000076cf0000 - 0x0000000076e98000 	C:\Windows\SYSTEM32\ntdll.dll
0x0000000076ad0000 - 0x0000000076bef000 	C:\Windows\system32\kernel32.dll
0x000007fefcdf0000 - 0x000007fefce5c000 	C:\Windows\system32\KERNELBASE.dll
0x000007fefd270000 - 0x000007fefd34b000 	C:\Windows\system32\ADVAPI32.dll
0x000007fefe760000 - 0x000007fefe7ff000 	C:\Windows\system32\msvcrt.dll
0x000007fefed60000 - 0x000007fefed7f000 	C:\Windows\SYSTEM32\sechost.dll
0x000007fefd020000 - 0x000007fefd14d000 	C:\Windows\system32\RPCRT4.dll
0x0000000076bf0000 - 0x0000000076cea000 	C:\Windows\system32\USER32.dll
0x000007fefce70000 - 0x000007fefced7000 	C:\Windows\system32\GDI32.dll
0x000007fefe3e0000 - 0x000007fefe3ee000 	C:\Windows\system32\LPK.dll
0x000007fefe3f0000 - 0x000007fefe4b9000 	C:\Windows\system32\USP10.dll
0x000007fefb230000 - 0x000007fefb424000 	C:\Windows\WinSxS\amd64_microsoft.windows.common-controls_6595b64144ccf1df_6.0.7601.17514_none_fa396087175ac9ac\COMCTL32.dll
0x000007fefd150000 - 0x000007fefd1c1000 	C:\Windows\system32\SHLWAPI.dll
0x000007fefed30000 - 0x000007fefed5e000 	C:\Windows\system32\IMM32.DLL
0x000007fefe4c0000 - 0x000007fefe5c9000 	C:\Windows\system32\MSCTF.dll
0x000000006b810000 - 0x000000006b8e2000 	C:\Program Files\Java\jdk1.8.0_40\jre\bin\msvcr100.dll
0x0000000069550000 - 0x0000000069dd3000 	C:\Program Files\Java\jdk1.8.0_40\jre\bin\server\jvm.dll
0x000007fef17e0000 - 0x000007fef17e9000 	C:\Windows\system32\WSOCK32.dll
0x000007fefe100000 - 0x000007fefe14d000 	C:\Windows\system32\WS2_32.dll
0x000007fefe800000 - 0x000007fefe808000 	C:\Windows\system32\NSI.dll
0x000007fef7480000 - 0x000007fef74bb000 	C:\Windows\system32\WINMM.dll
0x000007fefbb80000 - 0x000007fefbb8c000 	C:\Windows\system32\VERSION.dll
0x0000000076eb0000 - 0x0000000076eb7000 	C:\Windows\system32\PSAPI.DLL
0x00000000741c0000 - 0x00000000741cf000 	C:\Program Files\Java\jdk1.8.0_40\jre\bin\verify.dll
0x0000000074170000 - 0x0000000074199000 	C:\Program Files\Java\jdk1.8.0_40\jre\bin\java.dll
0x0000000074150000 - 0x0000000074166000 	C:\Program Files\Java\jdk1.8.0_40\jre\bin\zip.dll
0x000007fefa320000 - 0x000007fefa445000 	C:\Windows\system32\dbghelp.dll

VM Arguments:
jvm_args: -Xmx1024M -Dfile.encoding=windows-1252 -Duser.country=US -Duser.language=en -Duser.variant 
java_command: com.android.dx.command.Main --dex --output C:\Users\Ted\AndroidStudioProjects\lifecounter\app\build\intermediates\pre-dexed\debug\classes-e3a9e2d4a3a1f8e831933dbd2ee61c778cc0452b.jar C:\Users\Ted\AndroidStudioProjects\lifecounter\app\build\intermediates\exploded-aar\com.android.support\support-v4\22.0.0\classes.jar
java_class_path (initial): C:\Users\Ted\AppData\Local\Android\sdk\build-tools\21.1.2\lib\dx.jar
Launcher Type: SUN_STANDARD

Environment Variables:
JAVA_HOME=C:\Program Files\Java\jdk1.8.0_40
PATH=C:\ProgramData\Oracle\Java\javapath;C:\Program Files (x86)\NVIDIA Corporation\PhysX\Common;C:\Windows\system32;C:\Windows;C:\Windows\System32\Wbem;C:\Windows\System32\WindowsPowerShell\v1.0\;C:\Program Files\gradle-2.3\bin;C:\Program Files\Java\jdk1.8.0_40\bin
USERNAME=Ted
OS=Windows_NT
PROCESSOR_IDENTIFIER=Intel64 Family 6 Model 26 Stepping 5, GenuineIntel



---------------  S Y S T E M  ---------------

OS: Windows 7 , 64 bit Build 7601 (6.1.7601.18798)

CPU:total 8 (4 cores per cpu, 2 threads per core) family 6 model 26 stepping 5, cmov, cx8, fxsr, mmx, sse, sse2, sse3, ssse3, sse4.1, sse4.2, popcnt, ht, tsc, tscinvbit, tscinv

Memory: 4k page, physical 6282424k(781200k free), swap 7595420k(3688k free)

vm_info: Java HotSpot(TM) 64-Bit Server VM (25.40-b25) for windows-amd64 JRE (1.8.0_40-b26), built on Mar  7 2015 13:51:59 by "java_re" with MS VC++ 10.0 (VS2010)

time: Tue Apr 21 00:53:59 2015
elapsed time: 2 seconds (0d 0h 0m 2s)

